 
You are welcome, I'm SIMBOARD.nios-32.2.13.24.20190213171311.Beta!
SIMBOARD:
 free space success

SIMBOARD:
 

Update failed: the same version!
SIMBOARD:
 

 
You are welcome, I'm SIMBOARD.nios-32.2.13.24.20190213171311.Beta!
SIMBOARD:
 sn:SIMBOARDTEST0005
SIMBOARD:
 

Completed: %100(1533172:1533172 verno:SIMSTICK.nios-32.2.13.24.20190213171233.Beta)
SIMBOARD:
 

Sorry, you entered an invalid command:

SIMBOARD:
 I have 4 sticks:
19(64)		20(64)		21(64)		
23(64)		
SIMBOARD:
 

You are welcome, I'm SIMSTICK.nios-32.2.13.24.20190213171233.Beta!
SIMSTICK:> 

Update failed: the same version!
SIMSTICK:> 

Sorry, you entered an invalid command:

SIMSTICK:> Bye remote client!


You are welcome, I'm SIMSTICK.nios-32.2.13.24.20190213171233.Beta!
SIMSTICK:> 

Update failed: the same version!
SIMSTICK:> 

Sorry, you entered an invalid command:

SIMSTICK:> Bye remote client!


You are welcome, I'm SIMSTICK.nios-32.2.13.24.20190213171233.Beta!
SIMSTICK:> 

Update failed: the same version!
SIMSTICK:> 

Sorry, you entered an invalid command:

SIMSTICK:> Bye remote client!


You are welcome, I'm SIMSTICK.nios-32.2.13.24.20190213171233.Beta!
SIMSTICK:> 

 
You are welcome, I'm SIMBOARD.nios-32.2.13.24.20190213171311.Beta!
SIMBOARD:
 free space success

SIMBOARD:
 

Completed: %100(1533172:1533172 verno:SIMSTICK.nios-32.2.13.24.20190213171233.Beta)
SIMBOARD:
 

 
You are welcome, I'm SIMBOARD.nios-32.2.13.24.20190213171311.Beta!
SIMBOARD:
 fixed update begin to connect server...

SIMBOARD:
 fixed version already exist....
SIMBOARD:
 

Sorry, you entered an invalid command:

SIMBOARD:
 You are welcome, I'm SIMSTICK.nios-32.2.13.24.20190213171233.Beta!
SIMSTICK:> 

Update failed: the same version!
SIMSTICK:> 

 
Completed: %96(1390592:1448464 verno:SIMSTICK.nios-32.2.11.16.20151025100514.Beta)
SIMBOARD:
 Completed: %97(1405952:1448464 verno:SIMSTICK.nios-32.2.11.16.20151025100514.Beta)
SIMBOARD:
 Completed: %98(1420288:1448464 verno:SIMSTICK.nios-32.2.11.16.20151025100514.Beta)
SIMBOARD:
 Completed: %99(1434624:1448464 verno:SIMSTICK.nios-32.2.11.16.20151025100514.Beta)
SIMBOARD:
 Completed: %100(1448464:1448464 verno:SIMSTICK.nios-32.2.11.16.20151025100514.Beta)
SIMBOARD:
 

Sorry, you entered an invalid command:

SIMBOARD:
 You are welcome, I'm SIMSTICK.nios-32.2.13.24.20190213171233.Beta!
SIMSTICK:> 

Completed: %59(855040:1448464 verno:SIMSTICK.nios-32.2.11.16.20151025100514.Beta)
SIMSTICK:> Completed: %60(869376:1448464 verno:SIMSTICK.nios-32.2.11.16.20151025100514.Beta)
SIMSTICK:> Completed: %61(883712:1448464 verno:SIMSTICK.nios-32.2.11.16.20151025100514.Beta)
SIMSTICK:> 

Sorry, you entered an invalid command:

SIMSTICK:> Completed: %62(898048:1448464 verno:SIMSTICK.nios-32.2.11.16.20151025100514.Beta)
SIMSTICK:> Bye remote client!


 
You are welcome, I'm SIMBOARD.nios-32.2.13.24.20190213171311.Beta!
SIMBOARD:
 Sorry, you entered an invalid command:

SIMBOARD:
 

sn:SIMBOARDTEST0005
SIMBOARD:
 

I have 4 sticks:
19(64)		20(64)		21(64)		
23(64)		
SIMBOARD:
 

You are welcome, I'm SIMSTICK.nios-32.2.11.16.20151025100514.Beta!
SIMSTICK:> 

Bye remote client!


You are welcome, I'm SIMSTICK.nios-32.2.13.24.20190213171233.Beta!
SIMSTICK:> 

Bye remote client!


You are welcome, I'm SIMSTICK.nios-32.2.13.24.20190213171233.Beta!
SIMSTICK:> 

Bye remote client!


You are welcome, I'm SIMSTICK.nios-32.2.13.24.20190213171233.Beta!
SIMSTICK:> 

Bye remote client!


 
 
You are welcome, I'm SIMBOARD.nios-32.2.13.24.20190213171311.Beta!
SIMBOARD:
 Sorry, you entered an invalid command:

SIMBOARD:
 

sn:SIMBOARDTEST0005
SIMBOARD:
 

I have 4 sticks:
19(64)		20(64)		21(64)		
23(64)		
SIMBOARD:
 

You are welcome, I'm SIMSTICK.nios-32.2.11.16.20151025100514.Beta!
SIMSTICK:> 

Bye remote client!


You are welcome, I'm SIMSTICK.nios-32.2.13.24.20190213171233.Beta!
SIMSTICK:> 

Bye remote client!


You are welcome, I'm SIMSTICK.nios-32.2.13.24.20190213171233.Beta!
SIMSTICK:> 

Bye remote client!


You are welcome, I'm SIMSTICK.nios-32.2.13.24.20190213171233.Beta!
SIMSTICK:> 

Bye remote client!


 
You are welcome, I'm SIMBOARD.nios-32.2.13.24.20190213171311.Beta!
SIMBOARD:
 fixed update begin to connect server...

SIMBOARD:
 fixed version already exist....
SIMBOARD:
 

Sorry, you entered an invalid command:

SIMBOARD:
 You are welcome, I'm SIMSTICK.nios-32.2.11.16.20151025100514.Beta!
SIMSTICK:> 

Completed: %60(920064:1533172 verno:SIMSTICK.nios-32.2.13.24.20190213171233.Beta)
SIMSTICK:> 

Completed: %61(935424:1533172 verno:SIMSTICK.nios-32.2.13.24.20190213171233.Beta)
SIMSTICK:> Sorry, you entered an invalid command:

SIMSTICK:> Bye remote client!


 
You are welcome, I'm SIMBOARD.nios-32.2.13.24.20190213171311.Beta!
SIMBOARD:
 Sorry, you entered an invalid command:

SIMBOARD:
 

sn:SIMBOARDTEST0005
SIMBOARD:
 

I have 3 sticks:
20(64)		21(64)		23(64)		

SIMBOARD:
 

You are welcome, I'm SIMSTICK.nios-32.2.13.24.20190213171233.Beta!
SIMSTICK:> 

Bye remote client!


You are welcome, I'm SIMSTICK.nios-32.2.13.24.20190213171233.Beta!
SIMSTICK:> 

Bye remote client!


You are welcome, I'm SIMSTICK.nios-32.2.13.24.20190213171233.Beta!
SIMSTICK:> 

Bye remote client!


 
You are welcome, I'm SIMBOARD.nios-32.2.13.24.20190213171311.Beta!
SIMBOARD:
 Sorry, you entered an invalid command:

SIMBOARD:
 

sn:SIMBOARDTEST0005
SIMBOARD:
 

I have 4 sticks:
19(64)		20(64)		21(64)		
23(64)		
SIMBOARD:
 

You are welcome, I'm SIMSTICK.nios-32.2.13.24.20190213171233.Beta!
SIMSTICK:> 

Bye remote client!


You are welcome, I'm SIMSTICK.nios-32.2.13.24.20190213171233.Beta!
SIMSTICK:> 

Bye remote client!


You are welcome, I'm SIMSTICK.nios-32.2.13.24.20190213171233.Beta!
SIMSTICK:> 

Bye remote client!


You are welcome, I'm SIMSTICK.nios-32.2.13.24.20190213171233.Beta!
SIMSTICK:> 

Bye remote client!


 
You are welcome, I'm SIMBOARD.nios-32.2.13.24.20190213171311.Beta!
SIMBOARD:
 Sorry, you entered an invalid command:

SIMBOARD:
 

sn:SIMBOARDTEST0005
SIMBOARD:
 

I have 4 sticks:
19(64)		20(64)		21(64)		
23(64)		
SIMBOARD:
 

You are welcome, I'm SIMSTICK.nios-32.2.13.24.20190213171233.Beta!
SIMSTICK:> 

Bye remote client!


You are welcome, I'm SIMSTICK.nios-32.2.13.24.20190213171233.Beta!
SIMSTICK:> 

Bye remote client!


You are welcome, I'm SIMSTICK.nios-32.2.13.24.20190213171233.Beta!
SIMSTICK:> 

Bye remote client!


You are welcome, I'm SIMSTICK.nios-32.2.13.24.20190213171233.Beta!
SIMSTICK:> 

Bye remote client!


 
You are welcome, I'm SIMBOARD.nios-32.2.13.24.20190213171311.Beta!
SIMBOARD:
 You are welcome, I'm SIMSTICK.nios-32.2.13.24.20190213171233.Beta!
SIMSTICK:> 

Bye remote client!


 
You are welcome, I'm SIMBOARD.nios-32.2.13.24.20190213171311.Beta!
SIMBOARD:
 You are welcome, I'm SIMSTICK.nios-32.2.13.24.20190213171233.Beta!
SIMSTICK:> 

Bye remote client!


 
You are welcome, I'm SIMBOARD.nios-32.2.13.24.20190213171311.Beta!
SIMBOARD:
 You are welcome, I'm SIMSTICK.nios-32.2.13.24.20190213171233.Beta!
SIMSTICK:> 

Bye remote client!


 
You are welcome, I'm SIMBOARD.nios-32.2.13.24.20190213171311.Beta!
SIMBOARD:
 You are welcome, I'm SIMSTICK.nios-32.2.13.24.20190213171233.Beta!
SIMSTICK:> 

Bye remote client!


 
You are welcome, I'm SIMBOARD.nios-32.2.13.24.20190213171311.Beta!
SIMBOARD:
 free space success

SIMBOARD:
 

Update failed: the same version!
SIMBOARD:
 

 
You are welcome, I'm SIMBOARD.nios-32.2.13.24.20190213171311.Beta!
SIMBOARD:
 sn:SIMBOARDTEST0005
SIMBOARD:
 

Completed: %99(1518592:1533172 verno:SIMSTICK.nios-32.2.13.24.20190213171233.Beta)
SIMBOARD:
 Completed: %100(1533172:1533172 verno:SIMSTICK.nios-32.2.13.24.20190213171233.Beta)
SIMBOARD:
 

Sorry, you entered an invalid command:

SIMBOARD:
 I have 4 sticks:
19(64)		20(64)		21(64)		
23(64)		
SIMBOARD:
 

You are welcome, I'm SIMSTICK.nios-32.2.13.24.20190213171233.Beta!
SIMSTICK:> 

Update failed: the same version!
SIMSTICK:> 

Sorry, you entered an invalid command:

SIMSTICK:> Bye remote client!


You are welcome, I'm SIMSTICK.nios-32.2.13.24.20190213171233.Beta!
SIMSTICK:> 

Update failed: the same version!
SIMSTICK:> 

Sorry, you entered an invalid command:

SIMSTICK:> Bye remote client!


You are welcome, I'm SIMSTICK.nios-32.2.13.24.20190213171233.Beta!
SIMSTICK:> 

Update failed: the same version!
SIMSTICK:> 

Sorry, you entered an invalid command:

SIMSTICK:> Bye remote client!


You are welcome, I'm SIMSTICK.nios-32.2.13.24.20190213171233.Beta!
SIMSTICK:> 

Update failed: the same version!
SIMSTICK:> 

Sorry, you entered an invalid command:

SIMSTICK:> Bye remote client!


 
You are welcome, I'm SIMBOARD.nios-32.2.13.24.20190213171311.Beta!
SIMBOARD:
 Sorry, you entered an invalid command:

SIMBOARD:
 

sn:SIMBOARDTEST0005
SIMBOARD:
 

I have 4 sticks:
19(64)		20(64)		21(64)		
23(64)		
SIMBOARD:
 

You are welcome, I'm SIMSTICK.nios-32.2.13.24.20190213171233.Beta!
SIMSTICK:> 

Bye remote client!


You are welcome, I'm SIMSTICK.nios-32.2.13.24.20190213171233.Beta!
SIMSTICK:> 

Bye remote client!


You are welcome, I'm SIMSTICK.nios-32.2.13.24.20190213171233.Beta!
SIMSTICK:> 

Bye remote client!


You are welcome, I'm SIMSTICK.nios-32.2.13.24.20190213171233.Beta!
SIMSTICK:> 

Bye remote client!


 
You are welcome, I'm SIMBOARD.nios-32.2.13.24.20190213171311.Beta!
SIMBOARD:
 Sorry, you entered an invalid command:

SIMBOARD:
 

sn:SIMBOARDTEST0005
SIMBOARD:
 

I have 4 sticks:
19(64)		20(64)		21(64)		
23(64)		
SIMBOARD:
 

You are welcome, I'm SIMSTICK.nios-32.2.13.24.20190213171233.Beta!
SIMSTICK:> 

Bye remote client!


You are welcome, I'm SIMSTICK.nios-32.2.13.24.20190213171233.Beta!
SIMSTICK:> 

Bye remote client!


You are welcome, I'm SIMSTICK.nios-32.2.13.24.20190213171233.Beta!
SIMSTICK:> 

Bye remote client!


You are welcome, I'm SIMSTICK.nios-32.2.13.24.20190213171233.Beta!
SIMSTICK:> 

Bye remote client!


 
Completed: %99(1434624:1448464 verno:SIMSTICK.nios-32.2.11.16.20151025100514.Beta)
SIMBOARD:
 Completed: %100(1448464:1448464 verno:SIMSTICK.nios-32.2.11.16.20151025100514.Beta)
SIMBOARD:
 

Sorry, you entered an invalid command:

SIMBOARD:
 You are welcome, I'm SIMSTICK.nios-32.2.13.24.20190213171233.Beta!
SIMSTICK:> 

Completed: %60(869376:1448464 verno:SIMSTICK.nios-32.2.11.16.20151025100514.Beta)
SIMSTICK:> Completed: %61(883712:1448464 verno:SIMSTICK.nios-32.2.11.16.20151025100514.Beta)
SIMSTICK:> Completed: %62(898048:1448464 verno:SIMSTICK.nios-32.2.11.16.20151025100514.Beta)
SIMSTICK:> 

Sorry, you entered an invalid command:

SIMSTICK:> Completed: %63(913408:1448464 verno:SIMSTICK.nios-32.2.11.16.20151025100514.Beta)
SIMSTICK:> Bye remote client!


 
You are welcome, I'm SIMBOARD.nios-32.2.13.24.20190213171311.Beta!
SIMBOARD:
 Please input valid stick id.
SIMBOARD:
 

 
You are welcome, I'm SIMBOARD.nios-32.2.13.24.20190213171311.Beta!
SIMBOARD:
 Sorry, you entered an invalid command:

SIMBOARD:
 

sn:SIMBOARDTEST0005
SIMBOARD:
 

I have 3 sticks:
20(64)		21(64)		23(64)		

SIMBOARD:
 

You are welcome, I'm SIMSTICK.nios-32.2.13.24.20190213171233.Beta!
SIMSTICK:> 

Bye remote client!


You are welcome, I'm SIMSTICK.nios-32.2.13.24.20190213171233.Beta!
SIMSTICK:> 

Bye remote client!


You are welcome, I'm SIMSTICK.nios-32.2.13.24.20190213171233.Beta!
SIMSTICK:> 

Bye remote client!


 
You are welcome, I'm SIMBOARD.nios-32.2.13.24.20190213171311.Beta!
SIMBOARD:
 You are welcome, I'm SIMSTICK.nios-32.2.11.16.20151025100514.Beta!
SIMSTICK:> 

Bye remote client!


 
You are welcome, I'm SIMBOARD.nios-32.2.13.24.20190213171311.Beta!
SIMBOARD:
 fixed update begin to connect server...

SIMBOARD:
 fixed version already exist....
SIMBOARD:
 

Sorry, you entered an invalid command:

SIMBOARD:
 You are welcome, I'm SIMSTICK.nios-32.2.11.16.20151025100514.Beta!
SIMSTICK:> 

Update failed: the same version!
SIMSTICK:> 

Sorry, you entered an invalid command:

SIMSTICK:> Bye remote client!


 
You are welcome, I'm SIMBOARD.nios-32.2.13.24.20190213171311.Beta!
SIMBOARD:
 free space success

SIMBOARD:
 



 
You are welcome, I'm SIMBOARD.nios-32.2.13.24.20190213171311.Beta!
SIMBOARD:
 sn:SIMBOARDTEST0005
SIMBOARD:
 

 
You are welcome, I'm SIMBOARD.nios-32.2.13.24.20190213171311.Beta!
SIMBOARD:
 free space success

SIMBOARD:
 

Completed: %100(1981672:1981672 verno:SIMBOARD.nios-32.2.9.9.20150115164802.Beta)
SIMBOARD:
 Update success....
SIMBOARD:
 

 
You are welcome, I'm SIMBOARD.nios-32.2.9.9.20150115164802.Beta!
SIMBOARD:
 sn:SIMBOARDTEST0005
SIMBOARD:
 

Completed: %99(1434112:1448464 verno:SIMSTICK.nios-32.2.11.16.20151025100514.Beta)
SIMBOARD:
 Completed: %100(1448464:1448464 verno:SIMSTICK.nios-32.2.11.16.20151025100514.Beta)
SIMBOARD:
 

Sorry, you entered an invalid command:

SIMBOARD:
 I have 4 sticks:
19(64)		20(64)		21(64)		
23(64)		
SIMBOARD:
 

You are welcome, I'm SIMSTICK.nios-32.2.11.16.20151025100514.Beta!
SIMSTICK:> 

Update failed: the same version!
SIMSTICK:> 

Sorry, you entered an invalid command:

SIMSTICK:> Bye remote client!


You are welcome, I'm SIMSTICK.nios-32.2.13.24.20190213171233.Beta!
SIMSTICK:> 

Completed: %60(869376:1448464 verno:SIMSTICK.nios-32.2.11.16.20151025100514.Beta)
SIMSTICK:> Completed: %61(883712:1448464 verno:SIMSTICK.nios-32.2.11.16.20151025100514.Beta)
SIMSTICK:> 

Sorry, you entered an invalid command:

SIMSTICK:> Completed: %62(898048:1448464 verno:SIMSTICK.nios-32.2.11.16.20151025100514.Beta)
SIMSTICK:> Bye remote client!


You are welcome, I'm SIMSTICK.nios-32.2.13.24.20190213171233.Beta!
SIMSTICK:> 

Completed: %59(855040:1448464 verno:SIMSTICK.nios-32.2.11.16.20151025100514.Beta)
SIMSTICK:> Completed: %60(869376:1448464 verno:SIMSTICK.nios-32.2.11.16.20151025100514.Beta)
SIMSTICK:> 

Sorry, you entered an invalid command:

SIMSTICK:> Completed: %61(883712:1448464 verno:SIMSTICK.nios-32.2.11.16.20151025100514.Beta)
SIMSTICK:> Bye remote client!


You are welcome, I'm SIMSTICK.nios-32.2.13.24.20190213171233.Beta!
SIMSTICK:> 

Completed: %58(840704:1448464 verno:SIMSTICK.nios-32.2.11.16.20151025100514.Beta)
SIMSTICK:> Completed: %59(855040:1448464 verno:SIMSTICK.nios-32.2.11.16.20151025100514.Beta)
SIMSTICK:> Completed: %60(869376:1448464 verno:SIMSTICK.nios-32.2.11.16.20151025100514.Beta)
SIMSTICK:> 

Sorry, you entered an invalid command:

SIMSTICK:> Completed: %61(883712:1448464 verno:SIMSTICK.nios-32.2.11.16.20151025100514.Beta)
SIMSTICK:> Bye remote client!


 
You are welcome, I'm SIMBOARD.nios-32.2.9.9.20150115164802.Beta!
SIMBOARD:
 You are welcome, I'm SIMSTICK.nios-32.2.11.16.20151025100514.Beta!
SIMSTICK:> 

Bye remote client!


 
You are welcome, I'm SIMBOARD.nios-32.2.9.9.20150115164802.Beta!
SIMBOARD:
 Sorry, you entered an invalid command:

SIMBOARD:
 

sn:SIMBOARDTEST00059.9.20150115164802.Beta
SIMBOARD:
 

I have 4 sticks:
19(64)		20(64)		21(64)		
23(64)		
SIMBOARD:
 

You are welcome, I'm SIMSTICK.nios-32.2.11.16.20151025100514.Beta!
SIMSTICK:> 

Bye remote client!


You are welcome, I'm SIMSTICK.nios-32.2.11.16.20151025100514.Beta!
SIMSTICK:> 

Bye remote client!


You are welcome, I'm SIMSTICK.nios-32.2.11.16.20151025100514.Beta!
SIMSTICK:> 

Bye remote client!


You are welcome, I'm SIMSTICK.nios-32.2.11.16.20151025100514.Beta!
SIMSTICK:> 

Bye remote client!


